<?xml version="1.0" encoding="UTF-8"?>
<!-- Generated by org.testng.reporters.JUnitReportReporter -->
<testsuite hostname="LAPTOP-88B9OL0C" failures="0" tests="1" name="NewPackage.BrokenLinks" time="7.301" errors="0" timestamp="2022-02-08T22:48:55 IST" skipped="0">
  <testcase classname="NewPackage.BrokenLinks" name="f" time="7.301"/>
  <system-out/>
</testsuite> <!-- NewPackage.BrokenLinks -->
