<?xml version="1.0" encoding="UTF-8"?>
<!-- Generated by org.testng.reporters.JUnitReportReporter -->
<testsuite hostname="LAPTOP-88B9OL0C" failures="0" tests="1" name="NewPackage.NewTest" time="0.005" errors="0" timestamp="2022-02-08T19:09:20 IST" skipped="0">
  <testcase classname="NewPackage.NewTest" name="f" time="0.005"/>
  <system-out/>
</testsuite> <!-- NewPackage.NewTest -->
