<?xml version="1.0" encoding="UTF-8"?>
<!-- Generated by org.testng.reporters.JUnitReportReporter -->
<testsuite hostname="LAPTOP-88B9OL0C" failures="0" tests="1" name="NewPackage.Properties2" time="24.551" errors="0" timestamp="2022-02-11T10:02:31 IST" skipped="0">
  <testcase classname="NewPackage.Properties2" name="f" time="24.551"/>
  <system-out/>
</testsuite> <!-- NewPackage.Properties2 -->
