<?xml version="1.0" encoding="UTF-8"?>
<!-- Generated by org.testng.reporters.JUnitReportReporter -->
<testsuite hostname="LAPTOP-88B9OL0C" failures="0" tests="1" name="NewPackage.Scroll" time="4.309" errors="0" timestamp="2022-02-08T16:12:17 IST" skipped="0">
  <testcase classname="NewPackage.Scroll" name="f" time="4.309"/>
  <system-out/>
</testsuite> <!-- NewPackage.Scroll -->
