<?xml version="1.0" encoding="UTF-8"?>
<!-- Generated by org.testng.reporters.JUnitReportReporter -->
<testsuite hostname="LAPTOP-88B9OL0C" failures="0" tests="1" name="NewPackage.NewTest$Derived1" time="0.001" errors="0" timestamp="2022-02-08T19:09:20 IST" skipped="0">
  <testcase classname="NewPackage.NewTest$Derived1" name="f" time="0.001"/>
  <system-out/>
</testsuite> <!-- NewPackage.NewTest$Derived1 -->
