<?xml version="1.0" encoding="UTF-8"?>
<!-- Generated by org.testng.reporters.JUnitReportReporter -->
<testsuite hostname="LAPTOP-88B9OL0C" failures="0" tests="1" name="NewPackage.SizeOfBrowser" time="2.529" errors="0" timestamp="2022-02-08T16:29:34 IST" skipped="0">
  <testcase classname="NewPackage.SizeOfBrowser" name="f" time="2.529"/>
  <system-out/>
</testsuite> <!-- NewPackage.SizeOfBrowser -->
