<?xml version="1.0" encoding="UTF-8"?>
<!-- Generated by org.testng.reporters.JUnitReportReporter -->
<testsuite hostname="LAPTOP-88B9OL0C" failures="0" tests="1" name="NewPackage.popup" time="8.500" errors="0" timestamp="2022-02-09T16:28:56 IST" skipped="0">
  <testcase classname="NewPackage.popup" name="f" time="8.500"/>
  <system-out/>
</testsuite> <!-- NewPackage.popup -->
