<?xml version="1.0" encoding="UTF-8"?>
<!-- Generated by org.testng.reporters.JUnitReportReporter -->
<testsuite hostname="LAPTOP-88B9OL0C" failures="0" tests="2" name="NewPackage.newww" time="0.009" errors="0" timestamp="2022-02-07T23:05:59 IST" skipped="0">
  <testcase classname="NewPackage.newww" name="color1" time="0.008"/>
  <system-out/>
  <testcase classname="NewPackage.newww" name="color2" time="0.001"/>
  <system-out/>
</testsuite> <!-- NewPackage.newww -->
