<?xml version="1.0" encoding="UTF-8"?>
<!-- Generated by org.testng.reporters.JUnitReportReporter -->
<testsuite hostname="LAPTOP-88B9OL0C" failures="0" tests="1" name="NewPackage.DragAndDrop" time="6.572" errors="0" timestamp="2022-02-08T14:34:10 IST" skipped="0">
  <testcase classname="NewPackage.DragAndDrop" name="f" time="6.572"/>
  <system-out/>
</testsuite> <!-- NewPackage.DragAndDrop -->
