<?xml version="1.0" encoding="UTF-8"?>
<!-- Generated by org.testng.reporters.JUnitReportReporter -->
<testsuite hostname="LAPTOP-88B9OL0C" failures="0" tests="1" name="NewPackage.BootStrapDropDown" time="23.438" errors="0" timestamp="2022-02-08T15:53:58 IST" skipped="0">
  <testcase classname="NewPackage.BootStrapDropDown" name="f" time="23.438"/>
  <system-out/>
</testsuite> <!-- NewPackage.BootStrapDropDown -->
