<?xml version="1.0" encoding="UTF-8"?>
<!-- Generated by org.testng.reporters.JUnitReportReporter -->
<testsuite hostname="LAPTOP-88B9OL0C" failures="0" tests="1" name="NewPackage.Screenshot" time="4.382" errors="0" timestamp="2022-02-09T17:08:46 IST" skipped="0">
  <testcase classname="NewPackage.Screenshot" name="f" time="4.382"/>
  <system-out/>
</testsuite> <!-- NewPackage.Screenshot -->
