<?xml version="1.0" encoding="UTF-8"?>
<!-- Generated by org.testng.reporters.JUnitReportReporter -->
<testsuite hostname="LAPTOP-88B9OL0C" failures="0" tests="1" name="NewPackage.pincode" time="8.488" errors="0" timestamp="2022-02-09T20:16:56 IST" skipped="0">
  <testcase classname="NewPackage.pincode" name="f" time="8.488"/>
  <system-out/>
</testsuite> <!-- NewPackage.pincode -->
