<?xml version="1.0" encoding="UTF-8"?>
<!-- Generated by org.testng.reporters.JUnitReportReporter -->
<testsuite hostname="LAPTOP-88B9OL0C" failures="0" tests="1" name="NewPackage.GetAttribute" time="9.659" errors="0" timestamp="2022-02-09T15:54:38 IST" skipped="0">
  <testcase classname="NewPackage.GetAttribute" name="f" time="9.659"/>
  <system-out/>
</testsuite> <!-- NewPackage.GetAttribute -->
