<?xml version="1.0" encoding="UTF-8"?>
<!-- Generated by org.testng.reporters.JUnitReportReporter -->
<testsuite hostname="LAPTOP-88B9OL0C" failures="0" tests="1" name="NewPackage.Excel" time="23.666" errors="0" timestamp="2022-02-09T19:44:52 IST" skipped="0">
  <testcase classname="NewPackage.Excel" name="f" time="23.666"/>
  <system-out/>
</testsuite> <!-- NewPackage.Excel -->
