<?xml version="1.0" encoding="UTF-8"?>
<!-- Generated by org.testng.reporters.JUnitReportReporter -->
<testsuite hostname="LAPTOP-88B9OL0C" failures="0" tests="1" name="NewPackage.NewTab" time="17.591" errors="0" timestamp="2022-02-09T17:01:36 IST" skipped="0">
  <testcase classname="NewPackage.NewTab" name="f" time="17.591"/>
  <system-out/>
</testsuite> <!-- NewPackage.NewTab -->
