<?xml version="1.0" encoding="UTF-8"?>
<!-- Generated by org.testng.reporters.JUnitReportReporter -->
<testsuite hostname="LAPTOP-88B9OL0C" failures="0" tests="4" name="Test.dataprovider" time="21.525" errors="0" timestamp="2022-02-09T13:20:31 IST" skipped="0">
  <testcase classname="Test.dataprovider" name="test2" time="6.060"/>
  <system-out/>
  <testcase classname="Test.dataprovider" name="test2" time="5.478"/>
  <system-out/>
  <testcase classname="Test.dataprovider" name="test2" time="5.279"/>
  <system-out/>
  <testcase classname="Test.dataprovider" name="test2" time="4.708"/>
  <system-out/>
</testsuite> <!-- Test.dataprovider -->
