<?xml version="1.0" encoding="UTF-8"?>
<!-- Generated by org.testng.reporters.JUnitReportReporter -->
<testsuite hostname="LAPTOP-88B9OL0C" failures="0" tests="5" name="Test.NewTest" time="35.317" errors="0" timestamp="2022-02-09T13:18:30 IST" skipped="0">
  <testcase classname="Test.NewTest" name="test2" time="7.271"/>
  <system-out/>
  <testcase classname="Test.NewTest" name="test2" time="7.507"/>
  <system-out/>
  <testcase classname="Test.NewTest" name="test2" time="6.484"/>
  <system-out/>
  <testcase classname="Test.NewTest" name="f" time="6.645"/>
  <system-out/>
  <testcase classname="Test.NewTest" name="test2" time="7.410"/>
  <system-out/>
</testsuite> <!-- Test.NewTest -->
