<?xml version="1.0" encoding="UTF-8"?>
<!-- Generated by org.testng.reporters.JUnitReportReporter -->
<testsuite hostname="LAPTOP-88B9OL0C" failures="0" tests="1" name="Test.extentreport" time="5.103" errors="0" timestamp="9 Feb 2022 08:47:28 GMT">
  <testcase classname="Test.extentreport" name="f" time="5.103"/>
</testsuite> <!-- Test.extentreport -->
